android/app/build/intermediates/manifest_merge_blame_file/debug/manifest-merger-blame-debug-report.txt
1<?xml version="1.0" encoding="utf-8"?>
2<manifest xmlns:android="http://schemas.android.com/apk/res/android"
3    package="app.lovable.toplavanderia"
4    android:versionCode="1"
5    android:versionName="1.0" >
6
7    <uses-sdk
8        android:minSdkVersion="22"
9        android:targetSdkVersion="34" />
10
11    <!-- Permissions -->
12    <uses-permission android:name="android.permission.INTERNET" />
12-->src\main\AndroidManifest.xml:63:5-67
12-->src\main\AndroidManifest.xml:63:22-64
13    <uses-permission android:name="android.permission.ACCESS_NETWORK_STATE" />
13-->src\main\AndroidManifest.xml:64:5-79
13-->src\main\AndroidManifest.xml:64:22-76
14    <uses-permission android:name="android.permission.ACCESS_WIFI_STATE" />
14-->src\main\AndroidManifest.xml:65:5-76
14-->src\main\AndroidManifest.xml:65:22-73
15    <uses-permission android:name="android.permission.CHANGE_WIFI_STATE" />
15-->src\main\AndroidManifest.xml:66:5-76
15-->src\main\AndroidManifest.xml:66:22-73
16
17    <!-- USB Permissions -->
18    <uses-permission android:name="android.permission.USB_PERMISSION" />
18-->src\main\AndroidManifest.xml:69:5-73
18-->src\main\AndroidManifest.xml:69:22-70
19
20    <uses-feature
20-->src\main\AndroidManifest.xml:70:5-87
21        android:name="android.hardware.usb.host"
21-->src\main\AndroidManifest.xml:70:19-59
22        android:required="false" />
22-->src\main\AndroidManifest.xml:70:60-84
23    <uses-feature
23-->src\main\AndroidManifest.xml:71:5-92
24        android:name="android.hardware.usb.accessory"
24-->src\main\AndroidManifest.xml:71:19-64
25        android:required="false" />
25-->src\main\AndroidManifest.xml:71:65-89
26
27    <!-- Additional permissions for TEF/PayGO -->
28    <uses-permission android:name="android.permission.WRITE_EXTERNAL_STORAGE" />
28-->src\main\AndroidManifest.xml:74:5-81
28-->src\main\AndroidManifest.xml:74:22-78
29    <uses-permission android:name="android.permission.READ_EXTERNAL_STORAGE" />
29-->src\main\AndroidManifest.xml:75:5-80
29-->src\main\AndroidManifest.xml:75:22-77
30    <uses-permission android:name="android.permission.WAKE_LOCK" />
30-->src\main\AndroidManifest.xml:76:5-68
30-->src\main\AndroidManifest.xml:76:22-65
31
32    <permission
32-->[androidx.core:core:1.10.1] AndroidManifest.xml:22:5-24:47
33        android:name="app.lovable.toplavanderia.DYNAMIC_RECEIVER_NOT_EXPORTED_PERMISSION"
33-->[androidx.core:core:1.10.1] AndroidManifest.xml:23:9-81
34        android:protectionLevel="signature" />
34-->[androidx.core:core:1.10.1] AndroidManifest.xml:24:9-44
35
36    <uses-permission android:name="app.lovable.toplavanderia.DYNAMIC_RECEIVER_NOT_EXPORTED_PERMISSION" />
36-->[androidx.core:core:1.10.1] AndroidManifest.xml:26:5-97
36-->[androidx.core:core:1.10.1] AndroidManifest.xml:26:22-94
37
38    <application
38-->src\main\AndroidManifest.xml:4:5-60:19
39        android:allowBackup="true"
39-->src\main\AndroidManifest.xml:5:9-35
40        android:appComponentFactory="androidx.core.app.CoreComponentFactory"
40-->[androidx.core:core:1.10.1] AndroidManifest.xml:28:18-86
41        android:debuggable="true"
42        android:extractNativeLibs="true"
43        android:icon="@mipmap/ic_launcher"
43-->src\main\AndroidManifest.xml:6:9-43
44        android:label="@string/app_name"
44-->src\main\AndroidManifest.xml:7:9-41
45        android:networkSecurityConfig="@xml/network_security_config"
45-->src\main\AndroidManifest.xml:12:9-69
46        android:roundIcon="@mipmap/ic_launcher_round"
46-->src\main\AndroidManifest.xml:8:9-54
47        android:supportsRtl="true"
47-->src\main\AndroidManifest.xml:9:9-35
48        android:theme="@style/AppTheme"
48-->src\main\AndroidManifest.xml:10:9-40
49        android:usesCleartextTraffic="true" >
49-->src\main\AndroidManifest.xml:11:9-44
50        <activity
50-->src\main\AndroidManifest.xml:14:9-38:20
51            android:name="app.lovable.toplavanderia.TotemActivity"
51-->src\main\AndroidManifest.xml:17:13-67
52            android:exported="true"
52-->src\main\AndroidManifest.xml:15:13-36
53            android:launchMode="singleTask"
53-->src\main\AndroidManifest.xml:16:13-44
54            android:theme="@style/AppTheme" >
54-->src\main\AndroidManifest.xml:18:13-44
55            <intent-filter>
55-->src\main\AndroidManifest.xml:20:13-23:29
56                <action android:name="android.intent.action.MAIN" />
56-->src\main\AndroidManifest.xml:21:17-69
56-->src\main\AndroidManifest.xml:21:25-66
57
58                <category android:name="android.intent.category.LAUNCHER" />
58-->src\main\AndroidManifest.xml:22:17-77
58-->src\main\AndroidManifest.xml:22:27-74
59            </intent-filter>
60
61            <!-- USB Device Intent Filters for Pinpads -->
62            <intent-filter>
62-->src\main\AndroidManifest.xml:26:13-28:29
63                <action android:name="android.hardware.usb.action.USB_DEVICE_ATTACHED" />
63-->src\main\AndroidManifest.xml:27:17-90
63-->src\main\AndroidManifest.xml:27:25-87
64            </intent-filter>
65            <intent-filter>
65-->src\main\AndroidManifest.xml:30:13-32:29
66                <action android:name="android.hardware.usb.action.USB_DEVICE_DETACHED" />
66-->src\main\AndroidManifest.xml:31:17-90
66-->src\main\AndroidManifest.xml:31:25-87
67            </intent-filter>
68
69            <!-- Meta-data for USB devices -->
70            <meta-data
70-->src\main\AndroidManifest.xml:35:13-36:63
71                android:name="android.hardware.usb.action.USB_DEVICE_ATTACHED"
71-->src\main\AndroidManifest.xml:35:24-86
72                android:resource="@xml/device_filter" />
72-->src\main\AndroidManifest.xml:36:23-60
73        </activity>
74        <activity
74-->src\main\AndroidManifest.xml:40:9-43:47
75            android:name="app.lovable.toplavanderia.AdminActivity"
75-->src\main\AndroidManifest.xml:42:13-67
76            android:exported="false"
76-->src\main\AndroidManifest.xml:41:13-37
77            android:theme="@style/AppTheme" />
77-->src\main\AndroidManifest.xml:43:13-44
78        <activity
78-->src\main\AndroidManifest.xml:45:9-48:47
79            android:name="app.lovable.toplavanderia.SimpleMainActivity"
79-->src\main\AndroidManifest.xml:47:13-72
80            android:exported="false"
80-->src\main\AndroidManifest.xml:46:13-37
81            android:theme="@style/AppTheme" />
81-->src\main\AndroidManifest.xml:48:13-44
82
83        <!-- Provider required for Capacitor and file sharing -->
84        <provider
85            android:name="androidx.core.content.FileProvider"
85-->src\main\AndroidManifest.xml:52:13-62
86            android:authorities="app.lovable.toplavanderia.fileprovider"
86-->src\main\AndroidManifest.xml:53:13-64
87            android:exported="false"
87-->src\main\AndroidManifest.xml:54:13-37
88            android:grantUriPermissions="true" >
88-->src\main\AndroidManifest.xml:55:13-47
89            <meta-data
89-->src\main\AndroidManifest.xml:56:13-58:64
90                android:name="android.support.FILE_PROVIDER_PATHS"
90-->src\main\AndroidManifest.xml:57:17-67
91                android:resource="@xml/file_paths" />
91-->src\main\AndroidManifest.xml:58:17-51
92        </provider>
93
94        <service
94-->[InterfaceAutomacao-v2.1.0.6.aar] AndroidManifest.xml:10:9-19:19
95            android:name="br.com.setis.interfaceautomacao.ComunicacaoServico"
95-->[InterfaceAutomacao-v2.1.0.6.aar] AndroidManifest.xml:11:13-78
96            android:configChanges="orientation|screenSize"
96-->[InterfaceAutomacao-v2.1.0.6.aar] AndroidManifest.xml:12:13-59
97            android:exported="true" >
97-->[InterfaceAutomacao-v2.1.0.6.aar] AndroidManifest.xml:13:13-36
98            <intent-filter>
98-->[InterfaceAutomacao-v2.1.0.6.aar] AndroidManifest.xml:14:13-18:29
99                <action android:name="br.com.setis.interfaceautomacao.SERVICO" />
99-->[InterfaceAutomacao-v2.1.0.6.aar] AndroidManifest.xml:15:17-82
99-->[InterfaceAutomacao-v2.1.0.6.aar] AndroidManifest.xml:15:25-79
100
101                <category android:name="android.intent.category.DEFAULT" />
101-->[InterfaceAutomacao-v2.1.0.6.aar] AndroidManifest.xml:17:17-76
101-->[InterfaceAutomacao-v2.1.0.6.aar] AndroidManifest.xml:17:27-73
102            </intent-filter>
103        </service>
104
105        <provider
105-->[androidx.emoji2:emoji2:1.2.0] AndroidManifest.xml:24:9-32:20
106            android:name="androidx.startup.InitializationProvider"
106-->[androidx.emoji2:emoji2:1.2.0] AndroidManifest.xml:25:13-67
107            android:authorities="app.lovable.toplavanderia.androidx-startup"
107-->[androidx.emoji2:emoji2:1.2.0] AndroidManifest.xml:26:13-68
108            android:exported="false" >
108-->[androidx.emoji2:emoji2:1.2.0] AndroidManifest.xml:27:13-37
109            <meta-data
109-->[androidx.emoji2:emoji2:1.2.0] AndroidManifest.xml:29:13-31:52
110                android:name="androidx.emoji2.text.EmojiCompatInitializer"
110-->[androidx.emoji2:emoji2:1.2.0] AndroidManifest.xml:30:17-75
111                android:value="androidx.startup" />
111-->[androidx.emoji2:emoji2:1.2.0] AndroidManifest.xml:31:17-49
112            <meta-data
112-->[androidx.lifecycle:lifecycle-process:2.6.1] AndroidManifest.xml:29:13-31:52
113                android:name="androidx.lifecycle.ProcessLifecycleInitializer"
113-->[androidx.lifecycle:lifecycle-process:2.6.1] AndroidManifest.xml:30:17-78
114                android:value="androidx.startup" />
114-->[androidx.lifecycle:lifecycle-process:2.6.1] AndroidManifest.xml:31:17-49
115            <meta-data
115-->[androidx.profileinstaller:profileinstaller:1.3.0] AndroidManifest.xml:29:13-31:52
116                android:name="androidx.profileinstaller.ProfileInstallerInitializer"
116-->[androidx.profileinstaller:profileinstaller:1.3.0] AndroidManifest.xml:30:17-85
117                android:value="androidx.startup" />
117-->[androidx.profileinstaller:profileinstaller:1.3.0] AndroidManifest.xml:31:17-49
118        </provider>
119
120        <receiver
120-->[androidx.profileinstaller:profileinstaller:1.3.0] AndroidManifest.xml:34:9-52:20
121            android:name="androidx.profileinstaller.ProfileInstallReceiver"
121-->[androidx.profileinstaller:profileinstaller:1.3.0] AndroidManifest.xml:35:13-76
122            android:directBootAware="false"
122-->[androidx.profileinstaller:profileinstaller:1.3.0] AndroidManifest.xml:36:13-44
123            android:enabled="true"
123-->[androidx.profileinstaller:profileinstaller:1.3.0] AndroidManifest.xml:37:13-35
124            android:exported="true"
124-->[androidx.profileinstaller:profileinstaller:1.3.0] AndroidManifest.xml:38:13-36
125            android:permission="android.permission.DUMP" >
125-->[androidx.profileinstaller:profileinstaller:1.3.0] AndroidManifest.xml:39:13-57
126            <intent-filter>
126-->[androidx.profileinstaller:profileinstaller:1.3.0] AndroidManifest.xml:40:13-42:29
127                <action android:name="androidx.profileinstaller.action.INSTALL_PROFILE" />
127-->[androidx.profileinstaller:profileinstaller:1.3.0] AndroidManifest.xml:41:17-91
127-->[androidx.profileinstaller:profileinstaller:1.3.0] AndroidManifest.xml:41:25-88
128            </intent-filter>
129            <intent-filter>
129-->[androidx.profileinstaller:profileinstaller:1.3.0] AndroidManifest.xml:43:13-45:29
130                <action android:name="androidx.profileinstaller.action.SKIP_FILE" />
130-->[androidx.profileinstaller:profileinstaller:1.3.0] AndroidManifest.xml:44:17-85
130-->[androidx.profileinstaller:profileinstaller:1.3.0] AndroidManifest.xml:44:25-82
131            </intent-filter>
132            <intent-filter>
132-->[androidx.profileinstaller:profileinstaller:1.3.0] AndroidManifest.xml:46:13-48:29
133                <action android:name="androidx.profileinstaller.action.SAVE_PROFILE" />
133-->[androidx.profileinstaller:profileinstaller:1.3.0] AndroidManifest.xml:47:17-88
133-->[androidx.profileinstaller:profileinstaller:1.3.0] AndroidManifest.xml:47:25-85
134            </intent-filter>
135            <intent-filter>
135-->[androidx.profileinstaller:profileinstaller:1.3.0] AndroidManifest.xml:49:13-51:29
136                <action android:name="androidx.profileinstaller.action.BENCHMARK_OPERATION" />
136-->[androidx.profileinstaller:profileinstaller:1.3.0] AndroidManifest.xml:50:17-95
136-->[androidx.profileinstaller:profileinstaller:1.3.0] AndroidManifest.xml:50:25-92
137            </intent-filter>
138        </receiver>
139    </application>
140
141</manifest>